2020-04-15 17:11:48,512 INFO o.a.j.u.JMeterUtils: Setting Locale to en_EN
2020-04-15 17:11:48,532 INFO o.a.j.JMeter: Loading user properties from: /Users/macbook2015/Desktop/apache-jmeter-5.0/bin/user.properties
2020-04-15 17:11:48,532 INFO o.a.j.JMeter: Loading system properties from: /Users/macbook2015/Desktop/apache-jmeter-5.0/bin/system.properties
2020-04-15 17:11:48,537 INFO o.a.j.JMeter: Copyright (c) 1998-2018 The Apache Software Foundation
2020-04-15 17:11:48,537 INFO o.a.j.JMeter: Version 5.0 r1840935
2020-04-15 17:11:48,537 INFO o.a.j.JMeter: java.version=1.8.0_201
2020-04-15 17:11:48,537 INFO o.a.j.JMeter: java.vm.name=Java HotSpot(TM) 64-Bit Server VM
2020-04-15 17:11:48,537 INFO o.a.j.JMeter: os.name=Mac OS X
2020-04-15 17:11:48,537 INFO o.a.j.JMeter: os.arch=x86_64
2020-04-15 17:11:48,538 INFO o.a.j.JMeter: os.version=10.15.3
2020-04-15 17:11:48,538 INFO o.a.j.JMeter: file.encoding=UTF-8
2020-04-15 17:11:48,538 INFO o.a.j.JMeter: Max memory     =1073741824
2020-04-15 17:11:48,538 INFO o.a.j.JMeter: Available Processors =8
2020-04-15 17:11:48,541 INFO o.a.j.JMeter: Default Locale=English (EN)
2020-04-15 17:11:48,542 INFO o.a.j.JMeter: JMeter  Locale=English (EN)
2020-04-15 17:11:48,542 INFO o.a.j.JMeter: JMeterHome=/Users/macbook2015/Desktop/apache-jmeter-5.0
2020-04-15 17:11:48,542 INFO o.a.j.JMeter: user.dir  =/Users/macbook2015/Documents/CNN
2020-04-15 17:11:48,542 INFO o.a.j.JMeter: PWD       =/Users/macbook2015/Documents/CNN
2020-04-15 17:11:48,543 INFO o.a.j.JMeter: IP: 127.0.0.1 Name: Emilys-MacBook-Pro-2105.local FullName: localhost
2020-04-15 17:11:48,546 INFO o.a.j.s.FileServer: Default base='/Users/macbook2015/Documents/CNN'
2020-04-15 17:11:48,550 INFO o.a.j.s.FileServer: Set new base='/Users/macbook2015/Documents/CNN'
2020-04-15 17:11:48,666 INFO o.a.j.s.SaveService: Testplan (JMX) version: 2.2. Testlog (JTL) version: 2.2
2020-04-15 17:11:48,679 INFO o.a.j.s.SaveService: Using SaveService properties file encoding UTF-8
2020-04-15 17:11:48,683 INFO o.a.j.s.SaveService: Using SaveService properties version 5.0
2020-04-15 17:11:48,688 INFO o.a.j.s.SaveService: Loading file: /Users/macbook2015/Documents/CNN/ElectionQuery.jmx
2020-04-15 17:11:48,731 INFO o.a.j.p.h.s.HTTPSamplerBase: Parser for text/html is org.apache.jmeter.protocol.http.parser.LagartoBasedHtmlParser
2020-04-15 17:11:48,731 INFO o.a.j.p.h.s.HTTPSamplerBase: Parser for application/xhtml+xml is org.apache.jmeter.protocol.http.parser.LagartoBasedHtmlParser
2020-04-15 17:11:48,731 INFO o.a.j.p.h.s.HTTPSamplerBase: Parser for application/xml is org.apache.jmeter.protocol.http.parser.LagartoBasedHtmlParser
2020-04-15 17:11:48,731 INFO o.a.j.p.h.s.HTTPSamplerBase: Parser for text/xml is org.apache.jmeter.protocol.http.parser.LagartoBasedHtmlParser
2020-04-15 17:11:48,731 INFO o.a.j.p.h.s.HTTPSamplerBase: Parser for text/vnd.wap.wml is org.apache.jmeter.protocol.http.parser.RegexpHTMLParser
2020-04-15 17:11:48,731 INFO o.a.j.p.h.s.HTTPSamplerBase: Parser for text/css is org.apache.jmeter.protocol.http.parser.CssParser
2020-04-15 17:11:48,751 INFO o.a.j.JMeter: Creating summariser <summary>
2020-04-15 17:11:48,755 INFO o.a.j.e.StandardJMeterEngine: Running the test!
2020-04-15 17:11:48,756 INFO o.a.j.s.SampleEvent: List of sample_variables: []
2020-04-15 17:11:48,756 INFO o.a.j.s.SampleEvent: List of sample_variables: []
2020-04-15 17:11:48,761 INFO o.a.j.e.u.CompoundVariable: Note: Function class names must contain the string: '.functions.'
2020-04-15 17:11:48,761 INFO o.a.j.e.u.CompoundVariable: Note: Function class names must not contain the string: '.gui.'
2020-04-15 17:11:49,036 INFO o.a.j.JMeter: Running test (1586988709036)
2020-04-15 17:11:49,061 INFO o.a.j.e.StandardJMeterEngine: Starting ThreadGroup: 1 : Thread Group
2020-04-15 17:11:49,061 INFO o.a.j.e.StandardJMeterEngine: Starting 2 threads for group Thread Group.
2020-04-15 17:11:49,062 INFO o.a.j.e.StandardJMeterEngine: Thread will continue on error
2020-04-15 17:11:49,062 INFO o.a.j.t.ThreadGroup: Starting thread group... number=1 threads=2 ramp-up=10 perThread=5000.0 delayedStart=false
2020-04-15 17:11:49,066 INFO o.a.j.t.ThreadGroup: Started thread group number 1
2020-04-15 17:11:49,066 INFO o.a.j.e.StandardJMeterEngine: All thread groups have been started
2020-04-15 17:11:49,067 INFO o.a.j.t.JMeterThread: Thread started: Thread Group 1-1
2020-04-15 17:11:49,080 INFO o.a.j.p.h.s.HTTPHCAbstractImpl: Local host = Emilys-MacBook-Pro-2105.local
2020-04-15 17:11:49,087 INFO o.a.j.p.h.s.HTTPHC4Impl: HTTP request retry count = 0
2020-04-15 17:11:49,088 INFO o.a.j.s.SampleResult: Note: Sample TimeStamps are START times
2020-04-15 17:11:49,088 INFO o.a.j.s.SampleResult: sampleresult.default.encoding is set to ISO-8859-1
2020-04-15 17:11:49,088 INFO o.a.j.s.SampleResult: sampleresult.useNanoTime=true
2020-04-15 17:11:49,088 INFO o.a.j.s.SampleResult: sampleresult.nanoThreadSleep=5000
2020-04-15 17:11:49,185 INFO o.a.j.p.h.s.h.LazyLayeredConnectionSocketFactory: Setting up HTTPS TrustAll Socket Factory
2020-04-15 17:11:49,190 INFO o.a.j.u.JsseSSLManager: Using default SSL protocol: TLS
2020-04-15 17:11:49,190 INFO o.a.j.u.JsseSSLManager: SSL session context: per-thread
2020-04-15 17:11:49,354 INFO o.a.j.u.SSLManager: JmeterKeyStore Location:  type JKS
2020-04-15 17:11:49,355 INFO o.a.j.u.SSLManager: KeyStore created OK
2020-04-15 17:11:49,355 WARN o.a.j.u.SSLManager: Keystore file not found, loading empty keystore
2020-04-15 17:11:49,580 INFO o.a.j.t.JMeterThread: Thread is done: Thread Group 1-1
2020-04-15 17:11:49,580 INFO o.a.j.t.JMeterThread: Thread finished: Thread Group 1-1
2020-04-15 17:11:54,072 INFO o.a.j.t.JMeterThread: Thread started: Thread Group 1-2
2020-04-15 17:11:54,255 INFO o.a.j.t.JMeterThread: Thread is done: Thread Group 1-2
2020-04-15 17:11:54,255 INFO o.a.j.t.JMeterThread: Thread finished: Thread Group 1-2
2020-04-15 17:11:54,255 INFO o.a.j.e.StandardJMeterEngine: Notifying test listeners of end of test
2020-04-15 17:11:54,256 INFO o.a.j.r.Summariser: summary =      2 in 00:00:05 =    0.4/s Avg:   309 Min:   181 Max:   437 Err:     0 (0.00%)
